[2024-06-23 21:19:10,929: INFO: main: Welcome to our custom log]
[2024-06-24 18:10:38,050: INFO: main: >>>>>> stage Data Ingestion stage started <<<<<<]
[2024-06-24 18:10:38,060: INFO: common: yaml file: config\config.yaml loaded successfully]
[2024-06-24 18:10:38,067: INFO: common: yaml file: params.yaml loaded successfully]
[2024-06-24 18:10:38,068: INFO: common: created directory at: artifacts]
[2024-06-24 18:10:38,068: INFO: common: created directory at: artifacts/data_ingestion]
[2024-06-24 18:10:38,068: INFO: data_ingestion: Downloading data from https://drive.google.com/file/d/1S9ewbKQatalumhgnu2QEevXVOH0SsaDv/view?usp=drive_link into file artifacts/data_ingestion/data.zip]
[2024-06-24 18:11:55,200: INFO: data_ingestion: Downloaded data from https://drive.google.com/file/d/1S9ewbKQatalumhgnu2QEevXVOH0SsaDv/view?usp=drive_link into file artifacts/data_ingestion/data.zip]
[2024-06-24 18:11:57,717: INFO: main: >>>>>> stage Data Ingestion stage completed <<<<<<

x==========x]
[2024-06-24 21:33:45,329: INFO: main: >>>>>> stage Data Ingestion stage started <<<<<<]
[2024-06-24 21:33:45,330: INFO: common: yaml file: config\config.yaml loaded successfully]
[2024-06-24 21:33:45,330: INFO: common: yaml file: params.yaml loaded successfully]
[2024-06-24 21:33:45,330: INFO: common: created directory at: artifacts]
[2024-06-24 21:33:45,332: INFO: common: created directory at: artifacts/data_ingestion]
[2024-06-24 21:33:45,332: INFO: data_ingestion: Downloading data from https://drive.google.com/file/d/1S9ewbKQatalumhgnu2QEevXVOH0SsaDv/view?usp=drive_link into file artifacts/data_ingestion/data.zip]
[2024-06-24 21:35:01,636: INFO: data_ingestion: Downloaded data from https://drive.google.com/file/d/1S9ewbKQatalumhgnu2QEevXVOH0SsaDv/view?usp=drive_link into file artifacts/data_ingestion/data.zip]
[2024-06-24 21:35:05,769: INFO: main: >>>>>> stage Data Ingestion stage completed <<<<<<

x==========x]
[2024-06-29 20:02:50,512: INFO: main: >>>>>> stage Data Ingestion stage started <<<<<<]
[2024-06-29 20:02:50,521: INFO: common: yaml file: config\config.yaml loaded successfully]
[2024-06-29 20:02:50,527: INFO: common: yaml file: params.yaml loaded successfully]
[2024-06-29 20:02:50,527: INFO: common: created directory at: artifacts]
[2024-06-29 20:02:50,528: INFO: common: created directory at: artifacts/data_ingestion]
[2024-06-29 20:02:50,528: INFO: data_ingestion: Downloading data from https://drive.google.com/file/d/1S9ewbKQatalumhgnu2QEevXVOH0SsaDv/view?usp=drive_link into file artifacts/data_ingestion/data.zip]
[2024-06-29 20:04:00,173: INFO: data_ingestion: Downloaded data from https://drive.google.com/file/d/1S9ewbKQatalumhgnu2QEevXVOH0SsaDv/view?usp=drive_link into file artifacts/data_ingestion/data.zip]
[2024-06-29 20:04:02,558: INFO: main: >>>>>> stage Data Ingestion stage completed <<<<<<

x==========x]
[2024-06-29 20:04:02,559: INFO: main: *******************]
[2024-06-29 20:04:02,559: INFO: main: >>>>>> stage Prepare base model started <<<<<<]
[2024-06-29 20:04:02,559: ERROR: main: 'PrepareBaseModelTrainingPipeline' object has no attribute 'main']
Traceback (most recent call last):
  File "main.py", line 22, in <module>
    prepare_base_model.main()
AttributeError: 'PrepareBaseModelTrainingPipeline' object has no attribute 'main'
[2024-06-29 20:06:15,416: INFO: main: >>>>>> stage Data Ingestion stage started <<<<<<]
[2024-06-29 20:06:15,417: INFO: common: yaml file: config\config.yaml loaded successfully]
[2024-06-29 20:06:15,418: INFO: common: yaml file: params.yaml loaded successfully]
[2024-06-29 20:06:15,419: INFO: common: created directory at: artifacts]
[2024-06-29 20:06:15,419: INFO: common: created directory at: artifacts/data_ingestion]
[2024-06-29 20:06:15,419: INFO: data_ingestion: Downloading data from https://drive.google.com/file/d/1S9ewbKQatalumhgnu2QEevXVOH0SsaDv/view?usp=drive_link into file artifacts/data_ingestion/data.zip]
[2024-06-29 20:07:25,024: INFO: data_ingestion: Downloaded data from https://drive.google.com/file/d/1S9ewbKQatalumhgnu2QEevXVOH0SsaDv/view?usp=drive_link into file artifacts/data_ingestion/data.zip]
[2024-06-29 20:07:27,360: INFO: main: >>>>>> stage Data Ingestion stage completed <<<<<<

x==========x]
[2024-06-29 20:07:27,360: INFO: main: *******************]
[2024-06-29 20:07:27,360: INFO: main: >>>>>> stage Prepare base model started <<<<<<]
[2024-06-29 20:07:27,362: INFO: common: yaml file: config\config.yaml loaded successfully]
[2024-06-29 20:07:27,362: INFO: common: yaml file: params.yaml loaded successfully]
[2024-06-29 20:07:27,362: INFO: common: created directory at: artifacts]
[2024-06-29 20:07:27,363: INFO: common: created directory at: artifacts/prepare_base_model]
[2024-06-29 20:07:27,818: WARNING: saving_utils: Compiled the loaded model, but the compiled metrics have yet to be built. `model.compile_metrics` will be empty until you train or evaluate the model.]
[2024-06-29 20:07:27,972: INFO: main: >>>>>> stage Prepare base model completed <<<<<<

x==========x]
[2024-06-29 21:35:33,989: INFO: main: >>>>>> stage Data Ingestion stage started <<<<<<]
[2024-06-29 21:35:33,994: INFO: common: yaml file: config\config.yaml loaded successfully]
[2024-06-29 21:35:33,996: INFO: common: yaml file: params.yaml loaded successfully]
[2024-06-29 21:35:33,997: INFO: common: created directory at: artifacts]
[2024-06-29 21:35:33,997: INFO: common: created directory at: artifacts/data_ingestion]
[2024-06-29 21:35:33,998: INFO: data_ingestion: Downloading data from https://drive.google.com/file/d/1S9ewbKQatalumhgnu2QEevXVOH0SsaDv/view?usp=drive_link into file artifacts/data_ingestion/data.zip]
[2024-06-29 21:36:44,239: INFO: data_ingestion: Downloaded data from https://drive.google.com/file/d/1S9ewbKQatalumhgnu2QEevXVOH0SsaDv/view?usp=drive_link into file artifacts/data_ingestion/data.zip]
[2024-06-29 21:36:46,583: INFO: main: >>>>>> stage Data Ingestion stage completed <<<<<<

x==========x]
[2024-06-29 21:36:46,583: INFO: main: *******************]
[2024-06-29 21:36:46,583: INFO: main: >>>>>> stage Prepare base model started <<<<<<]
[2024-06-29 21:36:46,585: INFO: common: yaml file: config\config.yaml loaded successfully]
[2024-06-29 21:36:46,586: INFO: common: yaml file: params.yaml loaded successfully]
[2024-06-29 21:36:46,586: INFO: common: created directory at: artifacts]
[2024-06-29 21:36:46,587: INFO: common: created directory at: artifacts/prepare_base_model]
[2024-06-29 21:36:46,980: WARNING: saving_utils: Compiled the loaded model, but the compiled metrics have yet to be built. `model.compile_metrics` will be empty until you train or evaluate the model.]
[2024-06-29 21:36:47,161: INFO: main: >>>>>> stage Prepare base model completed <<<<<<

x==========x]
[2024-06-29 21:36:47,161: INFO: main: *******************]
[2024-06-29 21:36:47,161: INFO: main: >>>>>> stage Training started <<<<<<]
[2024-06-29 21:36:47,164: INFO: common: yaml file: config\config.yaml loaded successfully]
[2024-06-29 21:36:47,165: INFO: common: yaml file: params.yaml loaded successfully]
[2024-06-29 21:36:47,166: INFO: common: created directory at: artifacts]
[2024-06-29 21:36:47,167: INFO: common: created directory at: artifacts\training]
[2024-06-29 21:41:30,478: INFO: main: >>>>>> stage Training completed <<<<<<

x==========x]
[2024-06-29 23:38:24,517: INFO: main: >>>>>> stage Data Ingestion stage started <<<<<<]
[2024-06-29 23:38:24,527: INFO: common: yaml file: config\config.yaml loaded successfully]
[2024-06-29 23:38:24,531: INFO: common: yaml file: params.yaml loaded successfully]
[2024-06-29 23:38:24,532: INFO: common: created directory at: artifacts]
[2024-06-29 23:38:24,532: INFO: common: created directory at: artifacts/data_ingestion]
[2024-06-29 23:38:24,532: INFO: data_ingestion: Downloading data from https://drive.google.com/file/d/1S9ewbKQatalumhgnu2QEevXVOH0SsaDv/view?usp=drive_link into file artifacts/data_ingestion/data.zip]
[2024-06-29 23:39:53,055: INFO: data_ingestion: Downloaded data from https://drive.google.com/file/d/1S9ewbKQatalumhgnu2QEevXVOH0SsaDv/view?usp=drive_link into file artifacts/data_ingestion/data.zip]
[2024-06-29 23:39:55,703: INFO: main: >>>>>> stage Data Ingestion stage completed <<<<<<

x==========x]
[2024-06-29 23:39:55,703: INFO: main: *******************]
[2024-06-29 23:39:55,703: INFO: main: >>>>>> stage Prepare base model started <<<<<<]
[2024-06-29 23:39:55,704: INFO: common: yaml file: config\config.yaml loaded successfully]
[2024-06-29 23:39:55,705: INFO: common: yaml file: params.yaml loaded successfully]
[2024-06-29 23:39:55,705: INFO: common: created directory at: artifacts]
[2024-06-29 23:39:55,706: INFO: common: created directory at: artifacts/prepare_base_model]
[2024-06-29 23:39:56,170: WARNING: saving_utils: Compiled the loaded model, but the compiled metrics have yet to be built. `model.compile_metrics` will be empty until you train or evaluate the model.]
[2024-06-29 23:39:56,383: INFO: main: >>>>>> stage Prepare base model completed <<<<<<

x==========x]
[2024-06-29 23:39:56,383: INFO: main: *******************]
[2024-06-29 23:39:56,383: INFO: main: >>>>>> stage Training started <<<<<<]
[2024-06-29 23:39:56,385: INFO: common: yaml file: config\config.yaml loaded successfully]
[2024-06-29 23:39:56,386: INFO: common: yaml file: params.yaml loaded successfully]
[2024-06-29 23:39:56,387: INFO: common: created directory at: artifacts]
[2024-06-29 23:39:56,387: INFO: common: created directory at: artifacts\training]
[2024-06-29 23:44:43,520: INFO: main: >>>>>> stage Training completed <<<<<<

x==========x]
[2024-06-29 23:44:43,520: INFO: main: *******************]
[2024-06-29 23:44:43,520: INFO: main: >>>>>> stage Evaluation stage started <<<<<<]
[2024-06-29 23:44:43,523: INFO: common: yaml file: config\config.yaml loaded successfully]
[2024-06-29 23:44:43,525: INFO: common: yaml file: params.yaml loaded successfully]
[2024-06-29 23:44:43,526: INFO: common: created directory at: artifacts]
[2024-06-29 23:46:15,449: INFO: common: json file saved at: scores.json]
[2024-06-29 23:46:15,452: INFO: common: json file saved at: scores.json]
[2024-06-29 23:46:18,640: WARNING: save: Found untraced functions such as _jit_compiled_convolution_op, _jit_compiled_convolution_op, _jit_compiled_convolution_op, _jit_compiled_convolution_op, _jit_compiled_convolution_op while saving (showing 5 of 14). These functions will not be directly callable after loading.]
[2024-06-29 23:46:19,087: INFO: builder_impl: Assets written to: C:\Users\irbaz\AppData\Local\Temp\tmp9dwkd54l\model\data\model\assets]
[2024-06-29 23:47:02,984: INFO: main: >>>>>> stage Evaluation stage completed <<<<<<

x==========x]
[2024-06-29 23:50:02,327: INFO: main: >>>>>> stage Data Ingestion stage started <<<<<<]
[2024-06-29 23:50:02,329: INFO: common: yaml file: config\config.yaml loaded successfully]
[2024-06-29 23:50:02,331: INFO: common: yaml file: params.yaml loaded successfully]
[2024-06-29 23:50:02,332: INFO: common: created directory at: artifacts]
[2024-06-29 23:50:02,332: INFO: common: created directory at: artifacts/data_ingestion]
[2024-06-29 23:50:02,332: INFO: data_ingestion: Downloading data from https://drive.google.com/file/d/1S9ewbKQatalumhgnu2QEevXVOH0SsaDv/view?usp=drive_link into file artifacts/data_ingestion/data.zip]
[2024-06-29 23:52:02,118: INFO: main: >>>>>> stage Data Ingestion stage started <<<<<<]
[2024-06-29 23:52:02,121: INFO: common: yaml file: config\config.yaml loaded successfully]
[2024-06-29 23:52:02,121: INFO: common: yaml file: params.yaml loaded successfully]
[2024-06-29 23:52:02,122: INFO: common: created directory at: artifacts]
[2024-06-29 23:52:02,122: INFO: common: created directory at: artifacts/data_ingestion]
[2024-06-29 23:52:02,122: INFO: data_ingestion: Downloading data from https://drive.google.com/file/d/1S9ewbKQatalumhgnu2QEevXVOH0SsaDv/view?usp=drive_link into file artifacts/data_ingestion/data.zip]
[2024-06-29 23:53:21,396: INFO: data_ingestion: Downloaded data from https://drive.google.com/file/d/1S9ewbKQatalumhgnu2QEevXVOH0SsaDv/view?usp=drive_link into file artifacts/data_ingestion/data.zip]
[2024-06-29 23:53:23,379: INFO: main: >>>>>> stage Data Ingestion stage completed <<<<<<

x==========x]
[2024-06-29 23:53:23,379: INFO: main: *******************]
[2024-06-29 23:53:23,379: INFO: main: >>>>>> stage Prepare base model started <<<<<<]
[2024-06-29 23:53:23,381: INFO: common: yaml file: config\config.yaml loaded successfully]
[2024-06-29 23:53:23,383: INFO: common: yaml file: params.yaml loaded successfully]
[2024-06-29 23:53:23,383: INFO: common: created directory at: artifacts]
[2024-06-29 23:53:23,383: INFO: common: created directory at: artifacts/prepare_base_model]
[2024-06-29 23:53:23,769: WARNING: saving_utils: Compiled the loaded model, but the compiled metrics have yet to be built. `model.compile_metrics` will be empty until you train or evaluate the model.]
[2024-06-29 23:53:23,987: INFO: main: >>>>>> stage Prepare base model completed <<<<<<

x==========x]
[2024-06-29 23:53:23,987: INFO: main: *******************]
[2024-06-29 23:53:23,987: INFO: main: >>>>>> stage Training started <<<<<<]
[2024-06-29 23:53:23,989: INFO: common: yaml file: config\config.yaml loaded successfully]
[2024-06-29 23:53:23,990: INFO: common: yaml file: params.yaml loaded successfully]
[2024-06-29 23:53:23,990: INFO: common: created directory at: artifacts]
[2024-06-29 23:53:23,991: INFO: common: created directory at: artifacts\training]
[2024-06-29 23:58:40,036: INFO: main: >>>>>> stage Training completed <<<<<<

x==========x]
[2024-06-29 23:58:40,036: INFO: main: *******************]
[2024-06-29 23:58:40,036: INFO: main: >>>>>> stage Evaluation stage started <<<<<<]
[2024-06-29 23:58:40,038: INFO: common: yaml file: config\config.yaml loaded successfully]
[2024-06-29 23:58:40,040: INFO: common: yaml file: params.yaml loaded successfully]
[2024-06-29 23:58:40,040: INFO: common: created directory at: artifacts]
[2024-06-30 00:00:10,994: INFO: common: json file saved at: scores.json]
[2024-06-30 00:00:10,995: INFO: common: json file saved at: scores.json]
[2024-06-30 00:00:13,706: WARNING: save: Found untraced functions such as _jit_compiled_convolution_op, _jit_compiled_convolution_op, _jit_compiled_convolution_op, _jit_compiled_convolution_op, _jit_compiled_convolution_op while saving (showing 5 of 14). These functions will not be directly callable after loading.]
[2024-06-30 00:00:14,150: INFO: builder_impl: Assets written to: C:\Users\irbaz\AppData\Local\Temp\tmpk5vpqf5_\model\data\model\assets]
[2024-06-30 00:00:50,991: INFO: main: >>>>>> stage Evaluation stage completed <<<<<<

x==========x]
[2024-06-30 15:53:01,736: INFO: stage_01_data_ingestion: >>>>>> stage Data Ingestion stage started <<<<<<]
[2024-06-30 15:53:01,739: INFO: common: yaml file: config\config.yaml loaded successfully]
[2024-06-30 15:53:01,741: INFO: common: yaml file: params.yaml loaded successfully]
[2024-06-30 15:53:01,741: INFO: common: created directory at: artifacts]
[2024-06-30 15:53:01,741: INFO: common: created directory at: artifacts/data_ingestion]
[2024-06-30 15:53:01,742: INFO: data_ingestion: Downloading data from https://drive.google.com/file/d/1S9ewbKQatalumhgnu2QEevXVOH0SsaDv/view?usp=drive_link into file artifacts/data_ingestion/data.zip]
[2024-06-30 15:54:21,022: INFO: data_ingestion: Downloaded data from https://drive.google.com/file/d/1S9ewbKQatalumhgnu2QEevXVOH0SsaDv/view?usp=drive_link into file artifacts/data_ingestion/data.zip]
[2024-06-30 15:54:24,619: INFO: stage_01_data_ingestion: >>>>>> stage Data Ingestion stage completed <<<<<<

x==========x]
[2024-06-30 15:55:00,318: INFO: stage_02_prepare_base_model: *******************]
[2024-06-30 15:55:00,318: INFO: stage_02_prepare_base_model: >>>>>> stage Prepare base model started <<<<<<]
[2024-06-30 15:55:00,320: INFO: common: yaml file: config\config.yaml loaded successfully]
[2024-06-30 15:55:00,320: INFO: common: yaml file: params.yaml loaded successfully]
[2024-06-30 15:55:00,322: INFO: common: created directory at: artifacts]
[2024-06-30 15:55:00,322: INFO: common: created directory at: artifacts/prepare_base_model]
[2024-06-30 15:55:00,970: WARNING: saving_utils: Compiled the loaded model, but the compiled metrics have yet to be built. `model.compile_metrics` will be empty until you train or evaluate the model.]
[2024-06-30 15:55:01,134: INFO: stage_02_prepare_base_model: >>>>>> stage Prepare base model completed <<<<<<

x==========x]
[2024-06-30 15:55:06,514: INFO: stage_03_model_training: *******************]
[2024-06-30 15:55:06,514: INFO: stage_03_model_training: >>>>>> stage Training started <<<<<<]
[2024-06-30 15:55:06,516: INFO: common: yaml file: config\config.yaml loaded successfully]
[2024-06-30 15:55:06,517: INFO: common: yaml file: params.yaml loaded successfully]
[2024-06-30 15:55:06,517: INFO: common: created directory at: artifacts]
[2024-06-30 15:55:06,517: INFO: common: created directory at: artifacts\training]
[2024-06-30 16:03:23,241: INFO: stage_03_model_training: >>>>>> stage Training completed <<<<<<

x==========x]
[2024-06-30 16:03:30,139: INFO: stage_04_model_evaluation: *******************]
[2024-06-30 16:03:30,140: INFO: stage_04_model_evaluation: >>>>>> stage Evaluation stage started <<<<<<]
[2024-06-30 16:03:30,142: INFO: common: yaml file: config\config.yaml loaded successfully]
[2024-06-30 16:03:30,145: INFO: common: yaml file: params.yaml loaded successfully]
[2024-06-30 16:03:30,145: INFO: common: created directory at: artifacts]
[2024-06-30 16:05:01,959: INFO: common: json file saved at: scores.json]
[2024-06-30 16:05:01,961: INFO: common: json file saved at: scores.json]
[2024-06-30 16:05:03,781: WARNING: save: Found untraced functions such as _jit_compiled_convolution_op, _jit_compiled_convolution_op, _jit_compiled_convolution_op, _jit_compiled_convolution_op, _jit_compiled_convolution_op while saving (showing 5 of 14). These functions will not be directly callable after loading.]
[2024-06-30 16:05:04,352: INFO: builder_impl: Assets written to: C:\Users\irbaz\AppData\Local\Temp\tmp97fkwr2u\model\data\model\assets]
[2024-06-30 16:05:12,432: INFO: dir_util: creating C:\Users\irbaz\OneDrive\Desktop\Project\Cancer_project\mlruns\0\d1b2d6093eed4b72a4cfc08ed10269d9\artifacts\model\data]
[2024-06-30 16:05:12,434: INFO: dir_util: creating C:\Users\irbaz\OneDrive\Desktop\Project\Cancer_project\mlruns\0\d1b2d6093eed4b72a4cfc08ed10269d9\artifacts\model\data\model]
[2024-06-30 16:05:12,434: INFO: dir_util: creating C:\Users\irbaz\OneDrive\Desktop\Project\Cancer_project\mlruns\0\d1b2d6093eed4b72a4cfc08ed10269d9\artifacts\model\data\model\assets]
[2024-06-30 16:05:12,438: INFO: dir_util: creating C:\Users\irbaz\OneDrive\Desktop\Project\Cancer_project\mlruns\0\d1b2d6093eed4b72a4cfc08ed10269d9\artifacts\model\data\model\variables]
[2024-06-30 16:05:12,548: INFO: stage_04_model_evaluation: >>>>>> stage Evaluation stage completed <<<<<<

x==========x]
[2024-06-30 16:12:11,216: INFO: main: >>>>>> stage Data Ingestion stage started <<<<<<]
[2024-06-30 16:12:11,219: INFO: common: yaml file: config\config.yaml loaded successfully]
[2024-06-30 16:12:11,220: INFO: common: yaml file: params.yaml loaded successfully]
[2024-06-30 16:12:11,220: INFO: common: created directory at: artifacts]
[2024-06-30 16:12:11,220: INFO: common: created directory at: artifacts/data_ingestion]
[2024-06-30 16:12:11,220: INFO: data_ingestion: Downloading data from https://drive.google.com/file/d/1S9ewbKQatalumhgnu2QEevXVOH0SsaDv/view?usp=drive_link into file artifacts/data_ingestion/data.zip]
[2024-06-30 16:13:26,851: INFO: data_ingestion: Downloaded data from https://drive.google.com/file/d/1S9ewbKQatalumhgnu2QEevXVOH0SsaDv/view?usp=drive_link into file artifacts/data_ingestion/data.zip]
[2024-06-30 16:13:30,404: INFO: main: >>>>>> stage Data Ingestion stage completed <<<<<<

x==========x]
[2024-06-30 16:13:30,404: INFO: main: *******************]
[2024-06-30 16:13:30,405: INFO: main: >>>>>> stage Prepare base model started <<<<<<]
[2024-06-30 16:13:30,408: INFO: common: yaml file: config\config.yaml loaded successfully]
[2024-06-30 16:13:30,412: INFO: common: yaml file: params.yaml loaded successfully]
[2024-06-30 16:13:30,413: INFO: common: created directory at: artifacts]
[2024-06-30 16:13:30,414: INFO: common: created directory at: artifacts/prepare_base_model]
[2024-06-30 16:13:31,540: WARNING: saving_utils: Compiled the loaded model, but the compiled metrics have yet to be built. `model.compile_metrics` will be empty until you train or evaluate the model.]
[2024-06-30 16:13:32,021: INFO: main: >>>>>> stage Prepare base model completed <<<<<<

x==========x]
[2024-06-30 16:13:32,021: INFO: main: *******************]
[2024-06-30 16:13:32,021: INFO: main: >>>>>> stage Training started <<<<<<]
[2024-06-30 16:13:32,027: INFO: common: yaml file: config\config.yaml loaded successfully]
[2024-06-30 16:13:32,031: INFO: common: yaml file: params.yaml loaded successfully]
[2024-06-30 16:13:32,032: INFO: common: created directory at: artifacts]
[2024-06-30 16:13:32,033: INFO: common: created directory at: artifacts\training]
[2024-06-30 16:21:43,594: INFO: stage_03_model_training: *******************]
[2024-06-30 16:21:43,595: INFO: stage_03_model_training: >>>>>> stage Training started <<<<<<]
[2024-06-30 16:21:43,596: INFO: common: yaml file: config\config.yaml loaded successfully]
[2024-06-30 16:21:43,597: INFO: common: yaml file: params.yaml loaded successfully]
[2024-06-30 16:21:43,598: INFO: common: created directory at: artifacts]
[2024-06-30 16:21:43,598: INFO: common: created directory at: artifacts\training]
[2024-06-30 16:26:53,460: INFO: stage_03_model_training: >>>>>> stage Training completed <<<<<<

x==========x]
[2024-06-30 16:27:02,283: INFO: stage_04_model_evaluation: *******************]
[2024-06-30 16:27:02,283: INFO: stage_04_model_evaluation: >>>>>> stage Evaluation stage started <<<<<<]
[2024-06-30 16:27:02,285: INFO: common: yaml file: config\config.yaml loaded successfully]
[2024-06-30 16:27:02,286: INFO: common: yaml file: params.yaml loaded successfully]
[2024-06-30 16:27:02,287: INFO: common: created directory at: artifacts]
[2024-06-30 16:29:24,823: INFO: common: json file saved at: scores.json]
[2024-06-30 16:29:24,824: INFO: common: json file saved at: scores.json]
[2024-06-30 16:29:26,988: WARNING: save: Found untraced functions such as _jit_compiled_convolution_op, _jit_compiled_convolution_op, _jit_compiled_convolution_op, _jit_compiled_convolution_op, _jit_compiled_convolution_op while saving (showing 5 of 14). These functions will not be directly callable after loading.]
[2024-06-30 16:29:27,730: INFO: builder_impl: Assets written to: C:\Users\irbaz\AppData\Local\Temp\tmpkp9vkcte\model\data\model\assets]
[2024-06-30 16:29:34,205: INFO: dir_util: creating C:\Users\irbaz\OneDrive\Desktop\Project\Cancer_project\mlruns\0\c2ed458aae8c4778b687a7113fb2769c\artifacts\model\data]
[2024-06-30 16:29:34,208: INFO: dir_util: creating C:\Users\irbaz\OneDrive\Desktop\Project\Cancer_project\mlruns\0\c2ed458aae8c4778b687a7113fb2769c\artifacts\model\data\model]
[2024-06-30 16:29:34,208: INFO: dir_util: creating C:\Users\irbaz\OneDrive\Desktop\Project\Cancer_project\mlruns\0\c2ed458aae8c4778b687a7113fb2769c\artifacts\model\data\model\assets]
[2024-06-30 16:29:34,214: INFO: dir_util: creating C:\Users\irbaz\OneDrive\Desktop\Project\Cancer_project\mlruns\0\c2ed458aae8c4778b687a7113fb2769c\artifacts\model\data\model\variables]
[2024-06-30 16:29:34,376: INFO: stage_04_model_evaluation: >>>>>> stage Evaluation stage completed <<<<<<

x==========x]
[2024-06-30 16:34:00,225: INFO: stage_02_prepare_base_model: *******************]
[2024-06-30 16:34:00,226: INFO: stage_02_prepare_base_model: >>>>>> stage Prepare base model started <<<<<<]
[2024-06-30 16:34:00,228: INFO: common: yaml file: config\config.yaml loaded successfully]
[2024-06-30 16:34:00,229: INFO: common: yaml file: params.yaml loaded successfully]
[2024-06-30 16:34:00,230: INFO: common: created directory at: artifacts]
[2024-06-30 16:34:00,230: INFO: common: created directory at: artifacts/prepare_base_model]
[2024-06-30 16:34:00,596: WARNING: saving_utils: Compiled the loaded model, but the compiled metrics have yet to be built. `model.compile_metrics` will be empty until you train or evaluate the model.]
[2024-06-30 16:34:00,859: INFO: stage_02_prepare_base_model: >>>>>> stage Prepare base model completed <<<<<<

x==========x]
[2024-06-30 16:34:05,937: INFO: stage_03_model_training: *******************]
[2024-06-30 16:34:05,937: INFO: stage_03_model_training: >>>>>> stage Training started <<<<<<]
[2024-06-30 16:34:05,939: INFO: common: yaml file: config\config.yaml loaded successfully]
[2024-06-30 16:34:05,940: INFO: common: yaml file: params.yaml loaded successfully]
[2024-06-30 16:34:05,941: INFO: common: created directory at: artifacts]
[2024-06-30 16:34:05,941: INFO: common: created directory at: artifacts\training]
[2024-06-30 16:40:47,628: INFO: stage_03_model_training: >>>>>> stage Training completed <<<<<<

x==========x]
[2024-06-30 16:40:54,451: INFO: stage_04_model_evaluation: *******************]
[2024-06-30 16:40:54,452: INFO: stage_04_model_evaluation: >>>>>> stage Evaluation stage started <<<<<<]
[2024-06-30 16:40:54,453: INFO: common: yaml file: config\config.yaml loaded successfully]
[2024-06-30 16:40:54,454: INFO: common: yaml file: params.yaml loaded successfully]
[2024-06-30 16:40:54,455: INFO: common: created directory at: artifacts]
[2024-06-30 16:42:47,875: INFO: common: json file saved at: scores.json]
[2024-06-30 16:42:47,876: INFO: common: json file saved at: scores.json]
[2024-06-30 16:42:50,126: WARNING: save: Found untraced functions such as _jit_compiled_convolution_op, _jit_compiled_convolution_op, _jit_compiled_convolution_op, _jit_compiled_convolution_op, _jit_compiled_convolution_op while saving (showing 5 of 14). These functions will not be directly callable after loading.]
[2024-06-30 16:42:50,897: INFO: builder_impl: Assets written to: C:\Users\irbaz\AppData\Local\Temp\tmpd96bb8oc\model\data\model\assets]
[2024-06-30 16:42:57,291: INFO: dir_util: creating C:\Users\irbaz\OneDrive\Desktop\Project\Cancer_project\mlruns\0\3bbbf31cbb0843f19dea83f87a0b8d7d\artifacts\model\data]
[2024-06-30 16:42:57,293: INFO: dir_util: creating C:\Users\irbaz\OneDrive\Desktop\Project\Cancer_project\mlruns\0\3bbbf31cbb0843f19dea83f87a0b8d7d\artifacts\model\data\model]
[2024-06-30 16:42:57,294: INFO: dir_util: creating C:\Users\irbaz\OneDrive\Desktop\Project\Cancer_project\mlruns\0\3bbbf31cbb0843f19dea83f87a0b8d7d\artifacts\model\data\model\assets]
[2024-06-30 16:42:57,301: INFO: dir_util: creating C:\Users\irbaz\OneDrive\Desktop\Project\Cancer_project\mlruns\0\3bbbf31cbb0843f19dea83f87a0b8d7d\artifacts\model\data\model\variables]
[2024-06-30 16:42:57,460: INFO: stage_04_model_evaluation: >>>>>> stage Evaluation stage completed <<<<<<

x==========x]
[2024-06-30 16:50:38,829: INFO: main: >>>>>> stage Data Ingestion stage started <<<<<<]
[2024-06-30 16:50:38,831: INFO: common: yaml file: config\config.yaml loaded successfully]
[2024-06-30 16:50:38,832: INFO: common: yaml file: params.yaml loaded successfully]
[2024-06-30 16:50:38,833: INFO: common: created directory at: artifacts]
[2024-06-30 16:50:38,833: INFO: common: created directory at: artifacts/data_ingestion]
[2024-06-30 16:50:38,833: INFO: data_ingestion: Downloading data from https://drive.google.com/file/d/1S9ewbKQatalumhgnu2QEevXVOH0SsaDv/view?usp=drive_link into file artifacts/data_ingestion/data.zip]
[2024-06-30 16:51:58,980: INFO: data_ingestion: Downloaded data from https://drive.google.com/file/d/1S9ewbKQatalumhgnu2QEevXVOH0SsaDv/view?usp=drive_link into file artifacts/data_ingestion/data.zip]
[2024-06-30 16:52:01,011: INFO: main: >>>>>> stage Data Ingestion stage completed <<<<<<

x==========x]
[2024-06-30 16:52:01,011: INFO: main: *******************]
[2024-06-30 16:52:01,011: INFO: main: >>>>>> stage Prepare base model started <<<<<<]
[2024-06-30 16:52:01,012: INFO: common: yaml file: config\config.yaml loaded successfully]
[2024-06-30 16:52:01,013: INFO: common: yaml file: params.yaml loaded successfully]
[2024-06-30 16:52:01,014: INFO: common: created directory at: artifacts]
[2024-06-30 16:52:01,014: INFO: common: created directory at: artifacts/prepare_base_model]
[2024-06-30 16:52:01,442: WARNING: saving_utils: Compiled the loaded model, but the compiled metrics have yet to be built. `model.compile_metrics` will be empty until you train or evaluate the model.]
[2024-06-30 16:52:01,771: INFO: main: >>>>>> stage Prepare base model completed <<<<<<

x==========x]
[2024-06-30 16:52:01,771: INFO: main: *******************]
[2024-06-30 16:52:01,771: INFO: main: >>>>>> stage Training started <<<<<<]
[2024-06-30 16:52:01,774: INFO: common: yaml file: config\config.yaml loaded successfully]
[2024-06-30 16:52:01,776: INFO: common: yaml file: params.yaml loaded successfully]
[2024-06-30 16:52:01,777: INFO: common: created directory at: artifacts]
[2024-06-30 16:52:01,777: INFO: common: created directory at: artifacts\training]
[2024-06-30 16:56:57,959: INFO: main: >>>>>> stage Training completed <<<<<<

x==========x]
[2024-06-30 16:56:57,959: INFO: main: *******************]
[2024-06-30 16:56:57,959: INFO: main: >>>>>> stage Evaluation stage started <<<<<<]
[2024-06-30 16:56:57,962: INFO: common: yaml file: config\config.yaml loaded successfully]
[2024-06-30 16:56:57,964: INFO: common: yaml file: params.yaml loaded successfully]
[2024-06-30 16:56:57,965: INFO: common: created directory at: artifacts]
[2024-06-30 16:58:30,623: INFO: common: json file saved at: scores.json]
[2024-06-30 16:58:30,624: INFO: common: json file saved at: scores.json]
[2024-06-30 16:58:32,111: WARNING: save: Found untraced functions such as _jit_compiled_convolution_op, _jit_compiled_convolution_op, _jit_compiled_convolution_op, _jit_compiled_convolution_op, _jit_compiled_convolution_op while saving (showing 5 of 14). These functions will not be directly callable after loading.]
[2024-06-30 16:58:32,569: INFO: builder_impl: Assets written to: C:\Users\irbaz\AppData\Local\Temp\tmpg5qlj9k8\model\data\model\assets]
[2024-06-30 16:58:38,661: INFO: dir_util: creating C:\Users\irbaz\OneDrive\Desktop\Project\Cancer_project\mlruns\0\1d1ad5af24584db4b3eda875850bbdea\artifacts\model\data]
[2024-06-30 16:58:38,662: INFO: dir_util: creating C:\Users\irbaz\OneDrive\Desktop\Project\Cancer_project\mlruns\0\1d1ad5af24584db4b3eda875850bbdea\artifacts\model\data\model]
[2024-06-30 16:58:38,663: INFO: dir_util: creating C:\Users\irbaz\OneDrive\Desktop\Project\Cancer_project\mlruns\0\1d1ad5af24584db4b3eda875850bbdea\artifacts\model\data\model\assets]
[2024-06-30 16:58:38,665: INFO: dir_util: creating C:\Users\irbaz\OneDrive\Desktop\Project\Cancer_project\mlruns\0\1d1ad5af24584db4b3eda875850bbdea\artifacts\model\data\model\variables]
[2024-06-30 16:58:38,744: INFO: main: >>>>>> stage Evaluation stage completed <<<<<<

x==========x]
[2024-06-30 17:02:09,939: INFO: stage_03_model_training: *******************]
[2024-06-30 17:02:09,939: INFO: stage_03_model_training: >>>>>> stage Training started <<<<<<]
[2024-06-30 17:02:09,940: INFO: common: yaml file: config\config.yaml loaded successfully]
[2024-06-30 17:02:09,941: INFO: common: yaml file: params.yaml loaded successfully]
[2024-06-30 17:02:09,942: INFO: common: created directory at: artifacts]
[2024-06-30 17:02:09,942: INFO: common: created directory at: artifacts\training]
[2024-06-30 17:12:44,671: INFO: stage_03_model_training: >>>>>> stage Training completed <<<<<<

x==========x]
[2024-06-30 17:12:51,177: INFO: stage_04_model_evaluation: *******************]
[2024-06-30 17:12:51,179: INFO: stage_04_model_evaluation: >>>>>> stage Evaluation stage started <<<<<<]
[2024-06-30 17:12:51,179: INFO: common: yaml file: config\config.yaml loaded successfully]
[2024-06-30 17:12:51,181: INFO: common: yaml file: params.yaml loaded successfully]
[2024-06-30 17:12:51,181: INFO: common: created directory at: artifacts]
[2024-06-30 17:14:23,553: INFO: common: json file saved at: scores.json]
[2024-06-30 17:14:23,554: INFO: common: json file saved at: scores.json]
[2024-06-30 17:14:26,090: WARNING: save: Found untraced functions such as _jit_compiled_convolution_op, _jit_compiled_convolution_op, _jit_compiled_convolution_op, _jit_compiled_convolution_op, _jit_compiled_convolution_op while saving (showing 5 of 14). These functions will not be directly callable after loading.]
[2024-06-30 17:14:26,497: INFO: builder_impl: Assets written to: C:\Users\irbaz\AppData\Local\Temp\tmp1qrnktve\model\data\model\assets]
[2024-06-30 17:15:07,351: INFO: stage_04_model_evaluation: >>>>>> stage Evaluation stage completed <<<<<<

x==========x]
